# JRE version: OpenJDK Runtime Environment (8.0_212-b04) (build 1.8.0_212-release-1586-b04)
# Java VM: OpenJDK 64-Bit Server VM (25.212-b04 mixed mode windows-amd64 compressed oops)
Heap:
 PSYoungGen      total 455680K, used 143632K [0x00000000e0000000, 0x0000000100000000, 0x0000000100000000)
  eden space 387072K, 37% used [0x00000000e0000000,0x00000000e8c441b0,0x00000000f7a00000)
  from space 68608K, 0% used [0x00000000f7a00000,0x00000000f7a00000,0x00000000fbd00000)
  to   space 67584K, 0% used [0x00000000fbe00000,0x00000000fbe00000,0x0000000100000000)
 ParOldGen       total 231936K, used 116993K [0x00000000a0000000, 0x00000000ae280000, 0x00000000e0000000)
  object space 231936K, 50% used [0x00000000a0000000,0x00000000a7240510,0x00000000ae280000)
 Metaspace       used 105859K, capacity 110748K, committed 111488K, reserved 1146880K
  class space    used 13420K, capacity 14470K, committed 14720K, reserved 1048576K
GC Heap History (10 events):
Event: 468.032 GC heap before
{Heap before GC invocations=36 (full 4):
 PSYoungGen      total 331264K, used 307570K [0x00000000e0000000, 0x00000000fb600000, 0x0000000100000000)
  eden space 276992K, 100% used [0x00000000e0000000,0x00000000f0e80000,0x00000000f0e80000)
  from space 54272K, 56% used [0x00000000f0e80000,0x00000000f2c5c8f0,0x00000000f4380000)
  to   space 52736K, 0% used [0x00000000f8280000,0x00000000f8280000,0x00000000fb600000)
 ParOldGen       total 165888K, used 101343K [0x00000000a0000000, 0x00000000aa200000, 0x00000000e0000000)
  object space 165888K, 61% used [0x00000000a0000000,0x00000000a62f7fa0,0x00000000aa200000)
 Metaspace       used 104971K, capacity 109936K, committed 110208K, reserved 1144832K
  class space    used 13399K, capacity 14438K, committed 14464K, reserved 1048576K
Event: 468.074 GC heap after
Heap after GC invocations=36 (full 4):
 PSYoungGen      total 393728K, used 20533K [0x00000000e0000000, 0x00000000fb400000, 0x0000000100000000)
  eden space 343040K, 0% used [0x00000000e0000000,0x00000000e0000000,0x00000000f4f00000)
  from space 50688K, 40% used [0x00000000f8280000,0x00000000f968d530,0x00000000fb400000)
  to   space 51712K, 0% used [0x00000000f4f00000,0x00000000f4f00000,0x00000000f8180000)
 ParOldGen       total 165888K, used 108165K [0x00000000a0000000, 0x00000000aa200000, 0x00000000e0000000)
  object space 165888K, 65% used [0x00000000a0000000,0x00000000a69a16d8,0x00000000aa200000)
 Metaspace       used 104971K, capacity 109936K, committed 110208K, reserved 1144832K
  class space    used 13399K, capacity 14438K, committed 14464K, reserved 1048576K
}
Event: 469.953 GC heap before
{Heap before GC invocations=37 (full 4):
 PSYoungGen      total 393728K, used 363573K [0x00000000e0000000, 0x00000000fb400000, 0x0000000100000000)
  eden space 343040K, 100% used [0x00000000e0000000,0x00000000f4f00000,0x00000000f4f00000)
  from space 50688K, 40% used [0x00000000f8280000,0x00000000f968d530,0x00000000fb400000)
  to   space 51712K, 0% used [0x00000000f4f00000,0x00000000f4f00000,0x00000000f8180000)
 ParOldGen       total 165888K, used 108165K [0x00000000a0000000, 0x00000000aa200000, 0x00000000e0000000)
  object space 165888K, 65% used [0x00000000a0000000,0x00000000a69a16d8,0x00000000aa200000)
 Metaspace       used 105148K, capacity 110122K, committed 110208K, reserved 1144832K
  class space    used 13406K, capacity 14445K, committed 14464K, reserved 1048576K
Event: 469.975 GC heap after
Heap after GC invocations=37 (full 4):
 PSYoungGen      total 394752K, used 6654K [0x00000000e0000000, 0x00000000ff580000, 0x0000000100000000)
  eden space 343040K, 0% used [0x00000000e0000000,0x00000000e0000000,0x00000000f4f00000)
  from space 51712K, 12% used [0x00000000f4f00000,0x00000000f557f830,0x00000000f8180000)
  to   space 52736K, 0% used [0x00000000fc200000,0x00000000fc200000,0x00000000ff580000)
 ParOldGen       total 165888K, used 119521K [0x00000000a0000000, 0x00000000aa200000, 0x00000000e0000000)
  object space 165888K, 72% used [0x00000000a0000000,0x00000000a74b85b8,0x00000000aa200000)
 Metaspace       used 105148K, capacity 110122K, committed 110208K, reserved 1144832K
  class space    used 13406K, capacity 14445K, committed 14464K, reserved 1048576K
}
Event: 474.678 GC heap before
{Heap before GC invocations=38 (full 4):
 PSYoungGen      total 394752K, used 349694K [0x00000000e0000000, 0x00000000ff580000, 0x0000000100000000)
  eden space 343040K, 100% used [0x00000000e0000000,0x00000000f4f00000,0x00000000f4f00000)
  from space 51712K, 12% used [0x00000000f4f00000,0x00000000f557f830,0x00000000f8180000)
  to   space 52736K, 0% used [0x00000000fc200000,0x00000000fc200000,0x00000000ff580000)
 ParOldGen       total 165888K, used 119521K [0x00000000a0000000, 0x00000000aa200000, 0x00000000e0000000)
  object space 165888K, 72% used [0x00000000a0000000,0x00000000a74b85b8,0x00000000aa200000)
 Metaspace       used 105846K, capacity 111040K, committed 111104K, reserved 1146880K
  class space    used 13478K, capacity 14576K, committed 14592K, reserved 1048576K
Event: 474.901 GC heap after
Heap after GC invocations=38 (full 4):
 PSYoungGen      total 439808K, used 52733K [0x00000000e0000000, 0x0000000100000000, 0x0000000100000000)
  eden space 387072K, 0% used [0x00000000e0000000,0x00000000e0000000,0x00000000f7a00000)
  from space 52736K, 99% used [0x00000000fc200000,0x00000000ff57f698,0x00000000ff580000)
  to   space 68608K, 0% used [0x00000000f7a00000,0x00000000f7a00000,0x00000000fbd00000)
 ParOldGen       total 165888K, used 141941K [0x00000000a0000000, 0x00000000aa200000, 0x00000000e0000000)
  object space 165888K, 85% used [0x00000000a0000000,0x00000000a8a9d7b0,0x00000000aa200000)
 Metaspace       used 105846K, capacity 111040K, committed 111104K, reserved 1146880K
  class space    used 13478K, capacity 14576K, committed 14592K, reserved 1048576K
}
Event: 477.715 GC heap before
{Heap before GC invocations=39 (full 4):
 PSYoungGen      total 439808K, used 434625K [0x00000000e0000000, 0x0000000100000000, 0x0000000100000000)
  eden space 387072K, 98% used [0x00000000e0000000,0x00000000f74f0e28,0x00000000f7a00000)
  from space 52736K, 99% used [0x00000000fc200000,0x00000000ff57f698,0x00000000ff580000)
  to   space 68608K, 0% used [0x00000000f7a00000,0x00000000f7a00000,0x00000000fbd00000)
 ParOldGen       total 165888K, used 141941K [0x00000000a0000000, 0x00000000aa200000, 0x00000000e0000000)
  object space 165888K, 85% used [0x00000000a0000000,0x00000000a8a9d7b0,0x00000000aa200000)
 Metaspace       used 106044K, capacity 111202K, committed 111488K, reserved 1146880K
  class space    used 13484K, capacity 14583K, committed 14720K, reserved 1048576K
Event: 477.785 GC heap after
Heap after GC invocations=39 (full 4):
 PSYoungGen      total 455680K, used 38790K [0x00000000e0000000, 0x0000000100000000, 0x0000000100000000)
  eden space 387072K, 0% used [0x00000000e0000000,0x00000000e0000000,0x00000000f7a00000)
  from space 68608K, 56% used [0x00000000f7a00000,0x00000000f9fe1bc0,0x00000000fbd00000)
  to   space 67584K, 0% used [0x00000000fbe00000,0x00000000fbe00000,0x0000000100000000)
 ParOldGen       total 168960K, used 168857K [0x00000000a0000000, 0x00000000aa500000, 0x00000000e0000000)
  object space 168960K, 99% used [0x00000000a0000000,0x00000000aa4e6500,0x00000000aa500000)
 Metaspace       used 106044K, capacity 111202K, committed 111488K, reserved 1146880K
  class space    used 13484K, capacity 14583K, committed 14720K, reserved 1048576K
}
Event: 477.815 GC heap before
{Heap before GC invocations=40 (full 5):
 PSYoungGen      total 455680K, used 38790K [0x00000000e0000000, 0x0000000100000000, 0x0000000100000000)
  eden space 387072K, 0% used [0x00000000e0000000,0x00000000e0000000,0x00000000f7a00000)
  from space 68608K, 56% used [0x00000000f7a00000,0x00000000f9fe1bc0,0x00000000fbd00000)
  to   space 67584K, 0% used [0x00000000fbe00000,0x00000000fbe00000,0x0000000100000000)
 ParOldGen       total 168960K, used 168857K [0x00000000a0000000, 0x00000000aa500000, 0x00000000e0000000)
  object space 168960K, 99% used [0x00000000a0000000,0x00000000aa4e6500,0x00000000aa500000)
 Metaspace       used 106044K, capacity 111202K, committed 111488K, reserved 1146880K
  class space    used 13484K, capacity 14583K, committed 14720K, reserved 1048576K
Event: 481.876 GC heap after
Heap after GC invocations=40 (full 5):
 PSYoungGen      total 455680K, used 0K [0x00000000e0000000, 0x0000000100000000, 0x0000000100000000)
  eden space 387072K, 0% used [0x00000000e0000000,0x00000000e0000000,0x00000000f7a00000)
  from space 68608K, 0% used [0x00000000f7a00000,0x00000000f7a00000,0x00000000fbd00000)
  to   space 67584K, 0% used [0x00000000fbe00000,0x00000000fbe00000,0x0000000100000000)
 ParOldGen       total 231936K, used 116993K [0x00000000a0000000, 0x00000000ae280000, 0x00000000e0000000)
  object space 231936K, 50% used [0x00000000a0000000,0x00000000a7240510,0x00000000ae280000)
 Metaspace       used 105859K, capacity 110748K, committed 111488K, reserved 1146880K
  class space    used 13420K, capacity 14470K, committed 14720K, reserved 1048576K
}

