# JRE version: OpenJDK Runtime Environment (8.0_212-b04) (build 1.8.0_212-release-1586-b04)
# Java VM: OpenJDK 64-Bit Server VM (25.212-b04 mixed mode windows-amd64 compressed oops)
Heap:
 PSYoungGen      total 449024K, used 187438K [0x00000000e0000000, 0x0000000100000000, 0x0000000100000000)
  eden space 384512K, 48% used [0x00000000e0000000,0x00000000eb70bb58,0x00000000f7780000)
  from space 64512K, 0% used [0x00000000f7780000,0x00000000f7780000,0x00000000fb680000)
  to   space 75264K, 0% used [0x00000000fb680000,0x00000000fb680000,0x0000000100000000)
 ParOldGen       total 242176K, used 123462K [0x00000000a0000000, 0x00000000aec80000, 0x00000000e0000000)
  object space 242176K, 50% used [0x00000000a0000000,0x00000000a7891818,0x00000000aec80000)
 Metaspace       used 104266K, capacity 108292K, committed 108672K, reserved 1144832K
  class space    used 13196K, capacity 14051K, committed 14208K, reserved 1048576K
GC Heap History (10 events):
Event: 10322.439 GC heap before
{Heap before GC invocations=35 (full 4):
 PSYoungGen      total 397824K, used 389872K [0x00000000e0000000, 0x00000000fb780000, 0x0000000100000000)
  eden space 359936K, 100% used [0x00000000e0000000,0x00000000f5f80000,0x00000000f5f80000)
  from space 37888K, 79% used [0x00000000f8780000,0x00000000fa4bc0d0,0x00000000fac80000)
  to   space 40960K, 0% used [0x00000000f5f80000,0x00000000f5f80000,0x00000000f8780000)
 ParOldGen       total 169472K, used 106255K [0x00000000a0000000, 0x00000000aa580000, 0x00000000e0000000)
  object space 169472K, 62% used [0x00000000a0000000,0x00000000a67c3e78,0x00000000aa580000)
 Metaspace       used 96488K, capacity 99888K, committed 100352K, reserved 1136640K
  class space    used 12186K, capacity 12932K, committed 13056K, reserved 1048576K
Event: 10322.486 GC heap after
Heap after GC invocations=35 (full 4):
 PSYoungGen      total 400896K, used 40939K [0x00000000e0000000, 0x00000000fe580000, 0x0000000100000000)
  eden space 359936K, 0% used [0x00000000e0000000,0x00000000e0000000,0x00000000f5f80000)
  from space 40960K, 99% used [0x00000000f5f80000,0x00000000f877afb8,0x00000000f8780000)
  to   space 48128K, 0% used [0x00000000fb680000,0x00000000fb680000,0x00000000fe580000)
 ParOldGen       total 169472K, used 108428K [0x00000000a0000000, 0x00000000aa580000, 0x00000000e0000000)
  object space 169472K, 63% used [0x00000000a0000000,0x00000000a69e32f0,0x00000000aa580000)
 Metaspace       used 96488K, capacity 99888K, committed 100352K, reserved 1136640K
  class space    used 12186K, capacity 12932K, committed 13056K, reserved 1048576K
}
Event: 10324.254 GC heap before
{Heap before GC invocations=36 (full 4):
 PSYoungGen      total 400896K, used 400875K [0x00000000e0000000, 0x00000000fe580000, 0x0000000100000000)
  eden space 359936K, 100% used [0x00000000e0000000,0x00000000f5f80000,0x00000000f5f80000)
  from space 40960K, 99% used [0x00000000f5f80000,0x00000000f877afb8,0x00000000f8780000)
  to   space 48128K, 0% used [0x00000000fb680000,0x00000000fb680000,0x00000000fe580000)
 ParOldGen       total 169472K, used 108428K [0x00000000a0000000, 0x00000000aa580000, 0x00000000e0000000)
  object space 169472K, 63% used [0x00000000a0000000,0x00000000a69e32f0,0x00000000aa580000)
 Metaspace       used 97784K, capacity 101206K, committed 101504K, reserved 1138688K
  class space    used 12383K, capacity 13123K, committed 13184K, reserved 1048576K
Event: 10324.338 GC heap after
Heap after GC invocations=36 (full 4):
 PSYoungGen      total 432640K, used 48111K [0x00000000e0000000, 0x0000000100000000, 0x0000000100000000)
  eden space 384512K, 0% used [0x00000000e0000000,0x00000000e0000000,0x00000000f7780000)
  from space 48128K, 99% used [0x00000000fb680000,0x00000000fe57bd38,0x00000000fe580000)
  to   space 64512K, 0% used [0x00000000f7780000,0x00000000f7780000,0x00000000fb680000)
 ParOldGen       total 169472K, used 132846K [0x00000000a0000000, 0x00000000aa580000, 0x00000000e0000000)
  object space 169472K, 78% used [0x00000000a0000000,0x00000000a81bb8c8,0x00000000aa580000)
 Metaspace       used 97784K, capacity 101206K, committed 101504K, reserved 1138688K
  class space    used 12383K, capacity 13123K, committed 13184K, reserved 1048576K
}
Event: 10326.669 GC heap before
{Heap before GC invocations=37 (full 4):
 PSYoungGen      total 432640K, used 432623K [0x00000000e0000000, 0x0000000100000000, 0x0000000100000000)
  eden space 384512K, 100% used [0x00000000e0000000,0x00000000f7780000,0x00000000f7780000)
  from space 48128K, 99% used [0x00000000fb680000,0x00000000fe57bd38,0x00000000fe580000)
  to   space 64512K, 0% used [0x00000000f7780000,0x00000000f7780000,0x00000000fb680000)
 ParOldGen       total 169472K, used 132846K [0x00000000a0000000, 0x00000000aa580000, 0x00000000e0000000)
  object space 169472K, 78% used [0x00000000a0000000,0x00000000a81bb8c8,0x00000000aa580000)
 Metaspace       used 102085K, capacity 106072K, committed 106368K, reserved 1142784K
  class space    used 12979K, capacity 13834K, committed 13952K, reserved 1048576K
Event: 10326.770 GC heap after
Heap after GC invocations=37 (full 4):
 PSYoungGen      total 449024K, used 64494K [0x00000000e0000000, 0x0000000100000000, 0x0000000100000000)
  eden space 384512K, 0% used [0x00000000e0000000,0x00000000e0000000,0x00000000f7780000)
  from space 64512K, 99% used [0x00000000f7780000,0x00000000fb67b9d8,0x00000000fb680000)
  to   space 75264K, 0% used [0x00000000fb680000,0x00000000fb680000,0x0000000100000000)
 ParOldGen       total 169472K, used 158978K [0x00000000a0000000, 0x00000000aa580000, 0x00000000e0000000)
  object space 169472K, 93% used [0x00000000a0000000,0x00000000a9b40810,0x00000000aa580000)
 Metaspace       used 102085K, capacity 106072K, committed 106368K, reserved 1142784K
  class space    used 12979K, capacity 13834K, committed 13952K, reserved 1048576K
}
Event: 10326.791 GC heap before
{Heap before GC invocations=38 (full 5):
 PSYoungGen      total 449024K, used 64494K [0x00000000e0000000, 0x0000000100000000, 0x0000000100000000)
  eden space 384512K, 0% used [0x00000000e0000000,0x00000000e0000000,0x00000000f7780000)
  from space 64512K, 99% used [0x00000000f7780000,0x00000000fb67b9d8,0x00000000fb680000)
  to   space 75264K, 0% used [0x00000000fb680000,0x00000000fb680000,0x0000000100000000)
 ParOldGen       total 169472K, used 158978K [0x00000000a0000000, 0x00000000aa580000, 0x00000000e0000000)
  object space 169472K, 93% used [0x00000000a0000000,0x00000000a9b40810,0x00000000aa580000)
 Metaspace       used 102085K, capacity 106072K, committed 106368K, reserved 1142784K
  class space    used 12979K, capacity 13834K, committed 13952K, reserved 1048576K
Event: 10327.605 GC heap after
Heap after GC invocations=38 (full 5):
 PSYoungGen      total 449024K, used 0K [0x00000000e0000000, 0x0000000100000000, 0x0000000100000000)
  eden space 384512K, 0% used [0x00000000e0000000,0x00000000e0000000,0x00000000f7780000)
  from space 64512K, 0% used [0x00000000f7780000,0x00000000f7780000,0x00000000fb680000)
  to   space 75264K, 0% used [0x00000000fb680000,0x00000000fb680000,0x0000000100000000)
 ParOldGen       total 169472K, used 146654K [0x00000000a0000000, 0x00000000aa580000, 0x00000000e0000000)
  object space 169472K, 86% used [0x00000000a0000000,0x00000000a8f37ad0,0x00000000aa580000)
 Metaspace       used 101927K, capacity 105734K, committed 106368K, reserved 1142784K
  class space    used 12934K, capacity 13736K, committed 13952K, reserved 1048576K
}
Event: 10331.257 GC heap before
{Heap before GC invocations=39 (full 6):
 PSYoungGen      total 449024K, used 384512K [0x00000000e0000000, 0x0000000100000000, 0x0000000100000000)
  eden space 384512K, 100% used [0x00000000e0000000,0x00000000f7780000,0x00000000f7780000)
  from space 64512K, 0% used [0x00000000f7780000,0x00000000f7780000,0x00000000fb680000)
  to   space 75264K, 0% used [0x00000000fb680000,0x00000000fb680000,0x0000000100000000)
 ParOldGen       total 169472K, used 146654K [0x00000000a0000000, 0x00000000aa580000, 0x00000000e0000000)
  object space 169472K, 86% used [0x00000000a0000000,0x00000000a8f37ad0,0x00000000aa580000)
 Metaspace       used 103853K, capacity 107844K, committed 108032K, reserved 1142784K
  class space    used 13137K, capacity 13987K, committed 14080K, reserved 1048576K
Event: 10331.579 GC heap after
Heap after GC invocations=39 (full 6):
 PSYoungGen      total 449024K, used 0K [0x00000000e0000000, 0x0000000100000000, 0x0000000100000000)
  eden space 384512K, 0% used [0x00000000e0000000,0x00000000e0000000,0x00000000f7780000)
  from space 64512K, 0% used [0x00000000f7780000,0x00000000f7780000,0x00000000fb680000)
  to   space 75264K, 0% used [0x00000000fb680000,0x00000000fb680000,0x0000000100000000)
 ParOldGen       total 242176K, used 123462K [0x00000000a0000000, 0x00000000aec80000, 0x00000000e0000000)
  object space 242176K, 50% used [0x00000000a0000000,0x00000000a7891818,0x00000000aec80000)
 Metaspace       used 103853K, capacity 107844K, committed 108032K, reserved 1142784K
  class space    used 13137K, capacity 13987K, committed 14080K, reserved 1048576K
}

