# JRE version: OpenJDK Runtime Environment (8.0_212-b04) (build 1.8.0_212-release-1586-b04)
# Java VM: OpenJDK 64-Bit Server VM (25.212-b04 mixed mode windows-amd64 compressed oops)
Heap:
 PSYoungGen      total 81920K, used 81898K [0x00000000e0000000, 0x00000000e6a80000, 0x0000000100000000)
  eden space 73728K, 100% used [0x00000000e0000000,0x00000000e4800000,0x00000000e4800000)
  from space 8192K, 99% used [0x00000000e6280000,0x00000000e6a7aaa0,0x00000000e6a80000)
  to   space 11264K, 0% used [0x00000000e5480000,0x00000000e5480000,0x00000000e5f80000)
 ParOldGen       total 41472K, used 19828K [0x00000000a0000000, 0x00000000a2880000, 0x00000000e0000000)
  object space 41472K, 47% used [0x00000000a0000000,0x00000000a135d150,0x00000000a2880000)
 Metaspace       used 47857K, capacity 49108K, committed 49320K, reserved 1091584K
  class space    used 6412K, capacity 6749K, committed 6824K, reserved 1048576K
GC Heap History (10 events):
Event: 36.442 GC heap before
{Heap before GC invocations=12 (full 1):
 PSYoungGen      total 68608K, used 68596K [0x00000000e0000000, 0x00000000e6080000, 0x0000000100000000)
  eden space 61440K, 100% used [0x00000000e0000000,0x00000000e3c00000,0x00000000e3c00000)
  from space 7168K, 99% used [0x00000000e4480000,0x00000000e4b7d3d8,0x00000000e4b80000)
  to   space 8704K, 0% used [0x00000000e3c00000,0x00000000e3c00000,0x00000000e4480000)
 ParOldGen       total 35328K, used 10141K [0x00000000a0000000, 0x00000000a2280000, 0x00000000e0000000)
  object space 35328K, 28% used [0x00000000a0000000,0x00000000a09e74f0,0x00000000a2280000)
 Metaspace       used 31792K, capacity 32332K, committed 32512K, reserved 1077248K
  class space    used 4361K, capacity 4563K, committed 4608K, reserved 1048576K
Event: 36.454 GC heap after
Heap after GC invocations=12 (full 1):
 PSYoungGen      total 70144K, used 4590K [0x00000000e0000000, 0x00000000e5d00000, 0x0000000100000000)
  eden space 61440K, 0% used [0x00000000e0000000,0x00000000e0000000,0x00000000e3c00000)
  from space 8704K, 52% used [0x00000000e3c00000,0x00000000e407ba90,0x00000000e4480000)
  to   space 8192K, 0% used [0x00000000e5500000,0x00000000e5500000,0x00000000e5d00000)
 ParOldGen       total 35328K, used 13541K [0x00000000a0000000, 0x00000000a2280000, 0x00000000e0000000)
  object space 35328K, 38% used [0x00000000a0000000,0x00000000a0d39520,0x00000000a2280000)
 Metaspace       used 31792K, capacity 32332K, committed 32512K, reserved 1077248K
  class space    used 4361K, capacity 4563K, committed 4608K, reserved 1048576K
}
Event: 47.272 GC heap before
{Heap before GC invocations=13 (full 1):
 PSYoungGen      total 70144K, used 66030K [0x00000000e0000000, 0x00000000e5d00000, 0x0000000100000000)
  eden space 61440K, 100% used [0x00000000e0000000,0x00000000e3c00000,0x00000000e3c00000)
  from space 8704K, 52% used [0x00000000e3c00000,0x00000000e407ba90,0x00000000e4480000)
  to   space 8192K, 0% used [0x00000000e5500000,0x00000000e5500000,0x00000000e5d00000)
 ParOldGen       total 35328K, used 13541K [0x00000000a0000000, 0x00000000a2280000, 0x00000000e0000000)
  object space 35328K, 38% used [0x00000000a0000000,0x00000000a0d39520,0x00000000a2280000)
 Metaspace       used 34502K, capacity 35252K, committed 35456K, reserved 1079296K
  class space    used 4740K, capacity 4963K, committed 4992K, reserved 1048576K
Event: 47.281 GC heap after
Heap after GC invocations=13 (full 1):
 PSYoungGen      total 82944K, used 6279K [0x00000000e0000000, 0x00000000e5b80000, 0x0000000100000000)
  eden space 76288K, 0% used [0x00000000e0000000,0x00000000e0000000,0x00000000e4a80000)
  from space 6656K, 94% used [0x00000000e5500000,0x00000000e5b21fd8,0x00000000e5b80000)
  to   space 8704K, 0% used [0x00000000e4a80000,0x00000000e4a80000,0x00000000e5300000)
 ParOldGen       total 35328K, used 13549K [0x00000000a0000000, 0x00000000a2280000, 0x00000000e0000000)
  object space 35328K, 38% used [0x00000000a0000000,0x00000000a0d3b520,0x00000000a2280000)
 Metaspace       used 34502K, capacity 35252K, committed 35456K, reserved 1079296K
  class space    used 4740K, capacity 4963K, committed 4992K, reserved 1048576K
}
Event: 53.587 GC heap before
{Heap before GC invocations=14 (full 1):
 PSYoungGen      total 82944K, used 12748K [0x00000000e0000000, 0x00000000e5b80000, 0x0000000100000000)
  eden space 76288K, 8% used [0x00000000e0000000,0x00000000e0651228,0x00000000e4a80000)
  from space 6656K, 94% used [0x00000000e5500000,0x00000000e5b21fd8,0x00000000e5b80000)
  to   space 8704K, 0% used [0x00000000e4a80000,0x00000000e4a80000,0x00000000e5300000)
 ParOldGen       total 35328K, used 13549K [0x00000000a0000000, 0x00000000a2280000, 0x00000000e0000000)
  object space 35328K, 38% used [0x00000000a0000000,0x00000000a0d3b520,0x00000000a2280000)
 Metaspace       used 34618K, capacity 35424K, committed 35496K, reserved 1079296K
  class space    used 4762K, capacity 4999K, committed 5032K, reserved 1048576K
Event: 53.593 GC heap after
Heap after GC invocations=14 (full 1):
 PSYoungGen      total 84992K, used 4640K [0x00000000e0000000, 0x00000000e6a80000, 0x0000000100000000)
  eden space 76288K, 0% used [0x00000000e0000000,0x00000000e0000000,0x00000000e4a80000)
  from space 8704K, 53% used [0x00000000e4a80000,0x00000000e4f08000,0x00000000e5300000)
  to   space 8192K, 0% used [0x00000000e6280000,0x00000000e6280000,0x00000000e6a80000)
 ParOldGen       total 35328K, used 13557K [0x00000000a0000000, 0x00000000a2280000, 0x00000000e0000000)
  object space 35328K, 38% used [0x00000000a0000000,0x00000000a0d3d520,0x00000000a2280000)
 Metaspace       used 34618K, capacity 35424K, committed 35496K, reserved 1079296K
  class space    used 4762K, capacity 4999K, committed 5032K, reserved 1048576K
}
Event: 53.593 GC heap before
{Heap before GC invocations=15 (full 2):
 PSYoungGen      total 84992K, used 4640K [0x00000000e0000000, 0x00000000e6a80000, 0x0000000100000000)
  eden space 76288K, 0% used [0x00000000e0000000,0x00000000e0000000,0x00000000e4a80000)
  from space 8704K, 53% used [0x00000000e4a80000,0x00000000e4f08000,0x00000000e5300000)
  to   space 8192K, 0% used [0x00000000e6280000,0x00000000e6280000,0x00000000e6a80000)
 ParOldGen       total 35328K, used 13557K [0x00000000a0000000, 0x00000000a2280000, 0x00000000e0000000)
  object space 35328K, 38% used [0x00000000a0000000,0x00000000a0d3d520,0x00000000a2280000)
 Metaspace       used 34618K, capacity 35424K, committed 35496K, reserved 1079296K
  class space    used 4762K, capacity 4999K, committed 5032K, reserved 1048576K
Event: 53.665 GC heap after
Heap after GC invocations=15 (full 2):
 PSYoungGen      total 84992K, used 0K [0x00000000e0000000, 0x00000000e6a80000, 0x0000000100000000)
  eden space 76288K, 0% used [0x00000000e0000000,0x00000000e0000000,0x00000000e4a80000)
  from space 8704K, 0% used [0x00000000e4a80000,0x00000000e4a80000,0x00000000e5300000)
  to   space 8192K, 0% used [0x00000000e6280000,0x00000000e6280000,0x00000000e6a80000)
 ParOldGen       total 41472K, used 14922K [0x00000000a0000000, 0x00000000a2880000, 0x00000000e0000000)
  object space 41472K, 35% used [0x00000000a0000000,0x00000000a0e92860,0x00000000a2880000)
 Metaspace       used 34608K, capacity 35388K, committed 35496K, reserved 1079296K
  class space    used 4759K, capacity 4993K, committed 5032K, reserved 1048576K
}
Event: 74.678 GC heap before
{Heap before GC invocations=16 (full 2):
 PSYoungGen      total 84992K, used 76288K [0x00000000e0000000, 0x00000000e6a80000, 0x0000000100000000)
  eden space 76288K, 100% used [0x00000000e0000000,0x00000000e4a80000,0x00000000e4a80000)
  from space 8704K, 0% used [0x00000000e4a80000,0x00000000e4a80000,0x00000000e5300000)
  to   space 8192K, 0% used [0x00000000e6280000,0x00000000e6280000,0x00000000e6a80000)
 ParOldGen       total 41472K, used 14922K [0x00000000a0000000, 0x00000000a2880000, 0x00000000e0000000)
  object space 41472K, 35% used [0x00000000a0000000,0x00000000a0e92860,0x00000000a2880000)
 Metaspace       used 42856K, capacity 43930K, committed 44328K, reserved 1087488K
  class space    used 5790K, capacity 6089K, committed 6184K, reserved 1048576K
Event: 74.717 GC heap after
Heap after GC invocations=16 (full 2):
 PSYoungGen      total 81920K, used 8170K [0x00000000e0000000, 0x00000000e6a80000, 0x0000000100000000)
  eden space 73728K, 0% used [0x00000000e0000000,0x00000000e0000000,0x00000000e4800000)
  from space 8192K, 99% used [0x00000000e6280000,0x00000000e6a7aaa0,0x00000000e6a80000)
  to   space 11264K, 0% used [0x00000000e5480000,0x00000000e5480000,0x00000000e5f80000)
 ParOldGen       total 41472K, used 19828K [0x00000000a0000000, 0x00000000a2880000, 0x00000000e0000000)
  object space 41472K, 47% used [0x00000000a0000000,0x00000000a135d150,0x00000000a2880000)
 Metaspace       used 42856K, capacity 43930K, committed 44328K, reserved 1087488K
  class space    used 5790K, capacity 6089K, committed 6184K, reserved 1048576K
}

