# JRE version: OpenJDK Runtime Environment (8.0_212-b04) (build 1.8.0_212-release-1586-b04)
# Java VM: OpenJDK 64-Bit Server VM (25.212-b04 mixed mode windows-amd64 compressed oops)
Heap:
 PSYoungGen      total 234496K, used 101056K [0x00000000e0000000, 0x00000000f6700000, 0x0000000100000000)
  eden space 204800K, 44% used [0x00000000e0000000,0x00000000e58b3370,0x00000000ec800000)
  from space 29696K, 34% used [0x00000000f0180000,0x00000000f0b7cf70,0x00000000f1e80000)
  to   space 58880K, 0% used [0x00000000ec800000,0x00000000ec800000,0x00000000f0180000)
 ParOldGen       total 146432K, used 143846K [0x00000000a0000000, 0x00000000a8f00000, 0x00000000e0000000)
  object space 146432K, 98% used [0x00000000a0000000,0x00000000a8c79870,0x00000000a8f00000)
 Metaspace       used 82184K, capacity 85344K, committed 86488K, reserved 1124352K
  class space    used 10941K, capacity 11606K, committed 11992K, reserved 1048576K
GC Heap History (10 events):
Event: 176.109 GC heap before
{Heap before GC invocations=25 (full 3):
 PSYoungGen      total 197120K, used 197089K [0x00000000e0000000, 0x00000000ef500000, 0x0000000100000000)
  eden space 175104K, 100% used [0x00000000e0000000,0x00000000eab00000,0x00000000eab00000)
  from space 22016K, 99% used [0x00000000eab00000,0x00000000ec0784f0,0x00000000ec080000)
  to   space 26624K, 0% used [0x00000000edb00000,0x00000000edb00000,0x00000000ef500000)
 ParOldGen       total 76800K, used 54332K [0x00000000a0000000, 0x00000000a4b00000, 0x00000000e0000000)
  object space 76800K, 70% used [0x00000000a0000000,0x00000000a350f270,0x00000000a4b00000)
 Metaspace       used 72682K, capacity 75196K, committed 75352K, reserved 1114112K
  class space    used 9711K, capacity 10270K, committed 10328K, reserved 1048576K
Event: 176.137 GC heap after
Heap after GC invocations=25 (full 3):
 PSYoungGen      total 221696K, used 22323K [0x00000000e0000000, 0x00000000f0600000, 0x0000000100000000)
  eden space 195072K, 0% used [0x00000000e0000000,0x00000000e0000000,0x00000000ebe80000)
  from space 26624K, 83% used [0x00000000edb00000,0x00000000ef0ccf38,0x00000000ef500000)
  to   space 29184K, 0% used [0x00000000ebe80000,0x00000000ebe80000,0x00000000edb00000)
 ParOldGen       total 76800K, used 66453K [0x00000000a0000000, 0x00000000a4b00000, 0x00000000e0000000)
  object space 76800K, 86% used [0x00000000a0000000,0x00000000a40e5460,0x00000000a4b00000)
 Metaspace       used 72682K, capacity 75196K, committed 75352K, reserved 1114112K
  class space    used 9711K, capacity 10270K, committed 10328K, reserved 1048576K
}
Event: 176.137 GC heap before
{Heap before GC invocations=26 (full 4):
 PSYoungGen      total 221696K, used 22323K [0x00000000e0000000, 0x00000000f0600000, 0x0000000100000000)
  eden space 195072K, 0% used [0x00000000e0000000,0x00000000e0000000,0x00000000ebe80000)
  from space 26624K, 83% used [0x00000000edb00000,0x00000000ef0ccf38,0x00000000ef500000)
  to   space 29184K, 0% used [0x00000000ebe80000,0x00000000ebe80000,0x00000000edb00000)
 ParOldGen       total 76800K, used 66453K [0x00000000a0000000, 0x00000000a4b00000, 0x00000000e0000000)
  object space 76800K, 86% used [0x00000000a0000000,0x00000000a40e5460,0x00000000a4b00000)
 Metaspace       used 72682K, capacity 75196K, committed 75352K, reserved 1114112K
  class space    used 9711K, capacity 10270K, committed 10328K, reserved 1048576K
Event: 176.626 GC heap after
Heap after GC invocations=26 (full 4):
 PSYoungGen      total 221696K, used 2718K [0x00000000e0000000, 0x00000000f0600000, 0x0000000100000000)
  eden space 195072K, 0% used [0x00000000e0000000,0x00000000e0000000,0x00000000ebe80000)
  from space 26624K, 10% used [0x00000000edb00000,0x00000000edda7a20,0x00000000ef500000)
  to   space 29184K, 0% used [0x00000000ebe80000,0x00000000ebe80000,0x00000000edb00000)
 ParOldGen       total 131072K, used 76528K [0x00000000a0000000, 0x00000000a8000000, 0x00000000e0000000)
  object space 131072K, 58% used [0x00000000a0000000,0x00000000a4abc1e0,0x00000000a8000000)
 Metaspace       used 72570K, capacity 74898K, committed 75352K, reserved 1114112K
  class space    used 9674K, capacity 10205K, committed 10328K, reserved 1048576K
}
Event: 184.597 GC heap before
{Heap before GC invocations=27 (full 4):
 PSYoungGen      total 221696K, used 197790K [0x00000000e0000000, 0x00000000f0600000, 0x0000000100000000)
  eden space 195072K, 100% used [0x00000000e0000000,0x00000000ebe80000,0x00000000ebe80000)
  from space 26624K, 10% used [0x00000000edb00000,0x00000000edda7a20,0x00000000ef500000)
  to   space 29184K, 0% used [0x00000000ebe80000,0x00000000ebe80000,0x00000000edb00000)
 ParOldGen       total 131072K, used 76528K [0x00000000a0000000, 0x00000000a8000000, 0x00000000e0000000)
  object space 131072K, 58% used [0x00000000a0000000,0x00000000a4abc1e0,0x00000000a8000000)
 Metaspace       used 81334K, capacity 84858K, committed 84952K, reserved 1122304K
  class space    used 10904K, capacity 11673K, committed 11736K, reserved 1048576K
Event: 184.626 GC heap after
Heap after GC invocations=27 (full 4):
 PSYoungGen      total 224256K, used 17505K [0x00000000e0000000, 0x00000000f1e80000, 0x0000000100000000)
  eden space 195072K, 0% used [0x00000000e0000000,0x00000000e0000000,0x00000000ebe80000)
  from space 29184K, 59% used [0x00000000ebe80000,0x00000000ecf987b0,0x00000000edb00000)
  to   space 29696K, 0% used [0x00000000f0180000,0x00000000f0180000,0x00000000f1e80000)
 ParOldGen       total 131072K, used 79431K [0x00000000a0000000, 0x00000000a8000000, 0x00000000e0000000)
  object space 131072K, 60% used [0x00000000a0000000,0x00000000a4d91ef8,0x00000000a8000000)
 Metaspace       used 81334K, capacity 84858K, committed 84952K, reserved 1122304K
  class space    used 10904K, capacity 11673K, committed 11736K, reserved 1048576K
}
Event: 187.798 GC heap before
{Heap before GC invocations=28 (full 4):
 PSYoungGen      total 224256K, used 212577K [0x00000000e0000000, 0x00000000f1e80000, 0x0000000100000000)
  eden space 195072K, 100% used [0x00000000e0000000,0x00000000ebe80000,0x00000000ebe80000)
  from space 29184K, 59% used [0x00000000ebe80000,0x00000000ecf987b0,0x00000000edb00000)
  to   space 29696K, 0% used [0x00000000f0180000,0x00000000f0180000,0x00000000f1e80000)
 ParOldGen       total 131072K, used 79431K [0x00000000a0000000, 0x00000000a8000000, 0x00000000e0000000)
  object space 131072K, 60% used [0x00000000a0000000,0x00000000a4d91ef8,0x00000000a8000000)
 Metaspace       used 82470K, capacity 86100K, committed 86488K, reserved 1124352K
  class space    used 11084K, capacity 11866K, committed 11992K, reserved 1048576K
Event: 187.955 GC heap after
Heap after GC invocations=28 (full 4):
 PSYoungGen      total 234496K, used 29684K [0x00000000e0000000, 0x00000000f6700000, 0x0000000100000000)
  eden space 204800K, 0% used [0x00000000e0000000,0x00000000e0000000,0x00000000ec800000)
  from space 29696K, 99% used [0x00000000f0180000,0x00000000f1e7d2c8,0x00000000f1e80000)
  to   space 58880K, 0% used [0x00000000ec800000,0x00000000ec800000,0x00000000f0180000)
 ParOldGen       total 146432K, used 145941K [0x00000000a0000000, 0x00000000a8f00000, 0x00000000e0000000)
  object space 146432K, 99% used [0x00000000a0000000,0x00000000a8e854b0,0x00000000a8f00000)
 Metaspace       used 82470K, capacity 86100K, committed 86488K, reserved 1124352K
  class space    used 11084K, capacity 11866K, committed 11992K, reserved 1048576K
}
Event: 187.955 GC heap before
{Heap before GC invocations=29 (full 5):
 PSYoungGen      total 234496K, used 29684K [0x00000000e0000000, 0x00000000f6700000, 0x0000000100000000)
  eden space 204800K, 0% used [0x00000000e0000000,0x00000000e0000000,0x00000000ec800000)
  from space 29696K, 99% used [0x00000000f0180000,0x00000000f1e7d2c8,0x00000000f1e80000)
  to   space 58880K, 0% used [0x00000000ec800000,0x00000000ec800000,0x00000000f0180000)
 ParOldGen       total 146432K, used 145941K [0x00000000a0000000, 0x00000000a8f00000, 0x00000000e0000000)
  object space 146432K, 99% used [0x00000000a0000000,0x00000000a8e854b0,0x00000000a8f00000)
 Metaspace       used 82470K, capacity 86100K, committed 86488K, reserved 1124352K
  class space    used 11084K, capacity 11866K, committed 11992K, reserved 1048576K
Event: 188.949 GC heap after
Heap after GC invocations=29 (full 5):
 PSYoungGen      total 234496K, used 10227K [0x00000000e0000000, 0x00000000f6700000, 0x0000000100000000)
  eden space 204800K, 0% used [0x00000000e0000000,0x00000000e0000000,0x00000000ec800000)
  from space 29696K, 34% used [0x00000000f0180000,0x00000000f0b7cf70,0x00000000f1e80000)
  to   space 58880K, 0% used [0x00000000ec800000,0x00000000ec800000,0x00000000f0180000)
 ParOldGen       total 146432K, used 143846K [0x00000000a0000000, 0x00000000a8f00000, 0x00000000e0000000)
  object space 146432K, 98% used [0x00000000a0000000,0x00000000a8c79870,0x00000000a8f00000)
 Metaspace       used 82072K, capacity 85256K, committed 86488K, reserved 1124352K
  class space    used 10936K, capacity 11600K, committed 11992K, reserved 1048576K
}

